This file contains any messages produced by compilers while
running configure, to aid debugging if configure makes a mistake.

It was created by libptp2 configure 1.2.0, which was
generated by GNU Autoconf 2.69.  Invocation command line was

  $ ./configure 

## --------- ##
## Platform. ##
## --------- ##

hostname = craig-desktop
uname -m = x86_64
uname -r = 5.11.0-37-generic
uname -s = Linux
uname -v = #41-Ubuntu SMP Mon Sep 20 16:39:20 UTC 2021

/usr/bin/uname -p = x86_64
/bin/uname -X     = unknown

/bin/arch              = x86_64
/usr/bin/arch -k       = unknown
/usr/convex/getsysinfo = unknown
/usr/bin/hostinfo      = unknown
/bin/machine           = unknown
/usr/bin/oslevel       = unknown
/bin/universe          = unknown

PATH: /home/craig/.local/bin
PATH: /usr/local/sbin
PATH: /usr/local/bin
PATH: /usr/sbin
PATH: /usr/bin
PATH: /sbin
PATH: /bin
PATH: /usr/games
PATH: /usr/local/games
PATH: /snap/bin
PATH: /snap/bin
PATH: /home/craig/snap/flutter/common/flutter/bin
PATH: /home/craig/snap/flutter/common/flutter/bin/cache/dart-sdk/bin
PATH: /home/craig/.local/bin/depot_tools
PATH: /opt/android-studio/bin
PATH: /home/craig/Android/Sdk/platform-tools


## ----------- ##
## Core tests. ##
## ----------- ##

configure:2290: checking for a BSD-compatible install
configure:2358: result: /usr/bin/install -c
configure:2369: checking whether build environment is sane
configure:2424: result: yes
configure:2570: checking for a thread-safe mkdir -p
configure:2609: result: /usr/bin/mkdir -p
configure:2616: checking for gawk
configure:2646: result: no
configure:2616: checking for mawk
configure:2632: found /usr/bin/mawk
configure:2643: result: mawk
configure:2654: checking whether make sets $(MAKE)
configure:2676: result: yes
configure:2705: checking whether make supports nested variables
configure:2722: result: yes
configure:2852: checking whether make supports the include directive
configure:2867: make -f confmf.GNU && cat confinc.out
this is the am__doit target
configure:2870: $? = 0
configure:2889: result: yes (GNU style)
configure:2959: checking for gcc
configure:2975: found /usr/bin/gcc
configure:2986: result: gcc
configure:3215: checking for C compiler version
configure:3224: gcc --version >&5
gcc (Ubuntu 10.3.0-1ubuntu1) 10.3.0
Copyright (C) 2020 Free Software Foundation, Inc.
This is free software; see the source for copying conditions.  There is NO
warranty; not even for MERCHANTABILITY or FITNESS FOR A PARTICULAR PURPOSE.

configure:3235: $? = 0
configure:3224: gcc -v >&5
Using built-in specs.
COLLECT_GCC=gcc
COLLECT_LTO_WRAPPER=/usr/lib/gcc/x86_64-linux-gnu/10/lto-wrapper
OFFLOAD_TARGET_NAMES=nvptx-none:amdgcn-amdhsa:hsa
OFFLOAD_TARGET_DEFAULT=1
Target: x86_64-linux-gnu
Configured with: ../src/configure -v --with-pkgversion='Ubuntu 10.3.0-1ubuntu1' --with-bugurl=file:///usr/share/doc/gcc-10/README.Bugs --enable-languages=c,ada,c++,go,brig,d,fortran,objc,obj-c++,m2 --prefix=/usr --with-gcc-major-version-only --program-suffix=-10 --program-prefix=x86_64-linux-gnu- --enable-shared --enable-linker-build-id --libexecdir=/usr/lib --without-included-gettext --enable-threads=posix --libdir=/usr/lib --enable-nls --enable-bootstrap --enable-clocale=gnu --enable-libstdcxx-debug --enable-libstdcxx-time=yes --with-default-libstdcxx-abi=new --enable-gnu-unique-object --disable-vtable-verify --enable-plugin --enable-default-pie --with-system-zlib --enable-libphobos-checking=release --with-target-system-zlib=auto --enable-objc-gc=auto --enable-multiarch --disable-werror --with-arch-32=i686 --with-abi=m64 --with-multilib-list=m32,m64,mx32 --enable-multilib --with-tune=generic --enable-offload-targets=nvptx-none=/build/gcc-10-gDeRY6/gcc-10-10.3.0/debian/tmp-nvptx/usr,amdgcn-amdhsa=/build/gcc-10-gDeRY6/gcc-10-10.3.0/debian/tmp-gcn/usr,hsa --without-cuda-driver --enable-checking=release --build=x86_64-linux-gnu --host=x86_64-linux-gnu --target=x86_64-linux-gnu --with-build-config=bootstrap-lto-lean --enable-link-mutex
Thread model: posix
Supported LTO compression algorithms: zlib zstd
gcc version 10.3.0 (Ubuntu 10.3.0-1ubuntu1) 
... rest of stderr output deleted ...
configure:3235: $? = 0
configure:3224: gcc -V >&5
gcc: error: unrecognized command-line option '-V'
gcc: fatal error: no input files
compilation terminated.
configure:3235: $? = 1
configure:3224: gcc -qversion >&5
gcc: error: unrecognized command-line option '-qversion'; did you mean '--version'?
gcc: fatal error: no input files
compilation terminated.
configure:3235: $? = 1
configure:3255: checking whether the C compiler works
configure:3277: gcc    conftest.c  >&5
configure:3281: $? = 0
configure:3329: result: yes
configure:3332: checking for C compiler default output file name
configure:3334: result: a.out
configure:3340: checking for suffix of executables
configure:3347: gcc -o conftest    conftest.c  >&5
configure:3351: $? = 0
configure:3373: result: 
configure:3395: checking whether we are cross compiling
configure:3403: gcc -o conftest    conftest.c  >&5
configure:3407: $? = 0
configure:3414: ./conftest
configure:3418: $? = 0
configure:3433: result: no
configure:3438: checking for suffix of object files
configure:3460: gcc -c   conftest.c >&5
configure:3464: $? = 0
configure:3485: result: o
configure:3489: checking whether we are using the GNU C compiler
configure:3508: gcc -c   conftest.c >&5
configure:3508: $? = 0
configure:3517: result: yes
configure:3526: checking whether gcc accepts -g
configure:3546: gcc -c -g  conftest.c >&5
configure:3546: $? = 0
configure:3587: result: yes
configure:3604: checking for gcc option to accept ISO C89
configure:3667: gcc  -c -g -O2  conftest.c >&5
configure:3667: $? = 0
configure:3680: result: none needed
configure:3705: checking whether gcc understands -c and -o together
configure:3727: gcc -c conftest.c -o conftest2.o
configure:3730: $? = 0
configure:3727: gcc -c conftest.c -o conftest2.o
configure:3730: $? = 0
configure:3742: result: yes
configure:3761: checking dependency style of gcc
configure:3872: result: gcc3
configure:3937: checking for ar
configure:3953: found /usr/bin/ar
configure:3964: result: ar
configure:3990: checking the archiver (ar) interface
configure:4006: gcc -c -g -O2  conftest.c >&5
configure:4006: $? = 0
configure:4008: ar cru libconftest.a conftest.o >&5
ar: `u' modifier ignored since `D' is the default (see `U')
configure:4011: $? = 0
configure:4039: result: ar
configure:4088: checking build system type
configure:4102: result: x86_64-unknown-linux-gnu
configure:4122: checking host system type
configure:4135: result: x86_64-unknown-linux-gnu
configure:4176: checking how to print strings
configure:4203: result: printf
configure:4224: checking for a sed that does not truncate output
configure:4288: result: /usr/bin/sed
configure:4306: checking for grep that handles long lines and -e
configure:4364: result: /usr/bin/grep
configure:4369: checking for egrep
configure:4431: result: /usr/bin/grep -E
configure:4436: checking for fgrep
configure:4498: result: /usr/bin/grep -F
configure:4533: checking for ld used by gcc
configure:4600: result: /usr/bin/ld
configure:4607: checking if the linker (/usr/bin/ld) is GNU ld
configure:4622: result: yes
configure:4634: checking for BSD- or MS-compatible name lister (nm)
configure:4688: result: /usr/bin/nm -B
configure:4818: checking the name lister (/usr/bin/nm -B) interface
configure:4825: gcc -c -g -O2  conftest.c >&5
configure:4828: /usr/bin/nm -B "conftest.o"
configure:4831: output
0000000000000000 B some_variable
configure:4838: result: BSD nm
configure:4841: checking whether ln -s works
configure:4845: result: yes
configure:4853: checking the maximum length of command line arguments
configure:4984: result: 1572864
configure:5032: checking how to convert x86_64-unknown-linux-gnu file names to x86_64-unknown-linux-gnu format
configure:5072: result: func_convert_file_noop
configure:5079: checking how to convert x86_64-unknown-linux-gnu file names to toolchain format
configure:5099: result: func_convert_file_noop
configure:5106: checking for /usr/bin/ld option to reload object files
configure:5113: result: -r
configure:5187: checking for objdump
configure:5203: found /usr/bin/objdump
configure:5214: result: objdump
configure:5246: checking how to recognize dependent libraries
configure:5446: result: pass_all
configure:5531: checking for dlltool
configure:5561: result: no
configure:5591: checking how to associate runtime and link libraries
configure:5618: result: printf %s\n
configure:5742: checking for archiver @FILE support
configure:5759: gcc -c -g -O2  conftest.c >&5
configure:5759: $? = 0
configure:5762: ar cru libconftest.a @conftest.lst >&5
ar: `u' modifier ignored since `D' is the default (see `U')
configure:5765: $? = 0
configure:5770: ar cru libconftest.a @conftest.lst >&5
ar: `u' modifier ignored since `D' is the default (see `U')
ar: conftest.o: No such file or directory
configure:5773: $? = 1
configure:5785: result: @
configure:5843: checking for strip
configure:5859: found /usr/bin/strip
configure:5870: result: strip
configure:5942: checking for ranlib
configure:5958: found /usr/bin/ranlib
configure:5969: result: ranlib
configure:6071: checking command to parse /usr/bin/nm -B output from gcc object
configure:6224: gcc -c -g -O2  conftest.c >&5
configure:6227: $? = 0
configure:6231: /usr/bin/nm -B conftest.o \| sed -n -e 's/^.*[ ]\([ABCDGIRSTW][ABCDGIRSTW]*\)[ ][ ]*\([_A-Za-z][_A-Za-z0-9]*\)$/\1 \2 \2/p' | sed '/ __gnu_lto/d' \> conftest.nm
configure:6234: $? = 0
configure:6300: gcc -o conftest -g -O2   conftest.c conftstm.o >&5
configure:6303: $? = 0
configure:6341: result: ok
configure:6388: checking for sysroot
configure:6418: result: no
configure:6425: checking for a working dd
configure:6463: result: /usr/bin/dd
configure:6467: checking how to truncate binary pipes
configure:6482: result: /usr/bin/dd bs=4096 count=1
configure:6618: gcc -c -g -O2  conftest.c >&5
configure:6621: $? = 0
configure:6811: checking for mt
configure:6827: found /usr/bin/mt
configure:6838: result: mt
configure:6861: checking if mt is a manifest tool
configure:6867: mt '-?'
configure:6875: result: no
configure:7552: checking how to run the C preprocessor
configure:7583: gcc -E  conftest.c
configure:7583: $? = 0
configure:7597: gcc -E  conftest.c
conftest.c:11:10: fatal error: ac_nonexistent.h: No such file or directory
   11 | #include <ac_nonexistent.h>
      |          ^~~~~~~~~~~~~~~~~~
compilation terminated.
configure:7597: $? = 1
configure: failed program was:
| /* confdefs.h */
| #define PACKAGE_NAME "libptp2"
| #define PACKAGE_TARNAME "libptp2"
| #define PACKAGE_VERSION "1.2.0"
| #define PACKAGE_STRING "libptp2 1.2.0"
| #define PACKAGE_BUGREPORT "findmeontheweb@nosuchemail.com"
| #define PACKAGE_URL ""
| #define PACKAGE "libptp2"
| #define VERSION "1.2.0"
| /* end confdefs.h.  */
| #include <ac_nonexistent.h>
configure:7622: result: gcc -E
configure:7642: gcc -E  conftest.c
configure:7642: $? = 0
configure:7656: gcc -E  conftest.c
conftest.c:11:10: fatal error: ac_nonexistent.h: No such file or directory
   11 | #include <ac_nonexistent.h>
      |          ^~~~~~~~~~~~~~~~~~
compilation terminated.
configure:7656: $? = 1
configure: failed program was:
| /* confdefs.h */
| #define PACKAGE_NAME "libptp2"
| #define PACKAGE_TARNAME "libptp2"
| #define PACKAGE_VERSION "1.2.0"
| #define PACKAGE_STRING "libptp2 1.2.0"
| #define PACKAGE_BUGREPORT "findmeontheweb@nosuchemail.com"
| #define PACKAGE_URL ""
| #define PACKAGE "libptp2"
| #define VERSION "1.2.0"
| /* end confdefs.h.  */
| #include <ac_nonexistent.h>
configure:7685: checking for ANSI C header files
configure:7705: gcc -c -g -O2  conftest.c >&5
configure:7705: $? = 0
configure:7778: gcc -o conftest -g -O2   conftest.c  >&5
configure:7778: $? = 0
configure:7778: ./conftest
configure:7778: $? = 0
configure:7789: result: yes
configure:7802: checking for sys/types.h
configure:7802: gcc -c -g -O2  conftest.c >&5
configure:7802: $? = 0
configure:7802: result: yes
configure:7802: checking for sys/stat.h
configure:7802: gcc -c -g -O2  conftest.c >&5
configure:7802: $? = 0
configure:7802: result: yes
configure:7802: checking for stdlib.h
configure:7802: gcc -c -g -O2  conftest.c >&5
configure:7802: $? = 0
configure:7802: result: yes
configure:7802: checking for string.h
configure:7802: gcc -c -g -O2  conftest.c >&5
configure:7802: $? = 0
configure:7802: result: yes
configure:7802: checking for memory.h
configure:7802: gcc -c -g -O2  conftest.c >&5
configure:7802: $? = 0
configure:7802: result: yes
configure:7802: checking for strings.h
configure:7802: gcc -c -g -O2  conftest.c >&5
configure:7802: $? = 0
configure:7802: result: yes
configure:7802: checking for inttypes.h
configure:7802: gcc -c -g -O2  conftest.c >&5
configure:7802: $? = 0
configure:7802: result: yes
configure:7802: checking for stdint.h
configure:7802: gcc -c -g -O2  conftest.c >&5
configure:7802: $? = 0
configure:7802: result: yes
configure:7802: checking for unistd.h
configure:7802: gcc -c -g -O2  conftest.c >&5
configure:7802: $? = 0
configure:7802: result: yes
configure:7816: checking for dlfcn.h
configure:7816: gcc -c -g -O2  conftest.c >&5
configure:7816: $? = 0
configure:7816: result: yes
configure:8072: checking for objdir
configure:8087: result: .libs
configure:8351: checking if gcc supports -fno-rtti -fno-exceptions
configure:8369: gcc -c -g -O2  -fno-rtti -fno-exceptions conftest.c >&5
cc1: warning: command-line option '-fno-rtti' is valid for C++/D/ObjC++ but not for C
configure:8373: $? = 0
configure:8386: result: no
configure:8744: checking for gcc option to produce PIC
configure:8751: result: -fPIC -DPIC
configure:8759: checking if gcc PIC flag -fPIC -DPIC works
configure:8777: gcc -c -g -O2  -fPIC -DPIC -DPIC conftest.c >&5
configure:8781: $? = 0
configure:8794: result: yes
configure:8823: checking if gcc static flag -static works
configure:8851: result: yes
configure:8866: checking if gcc supports -c -o file.o
configure:8887: gcc -c -g -O2  -o out/conftest2.o conftest.c >&5
configure:8891: $? = 0
configure:8913: result: yes
configure:8921: checking if gcc supports -c -o file.o
configure:8968: result: yes
configure:9001: checking whether the gcc linker (/usr/bin/ld -m elf_x86_64) supports shared libraries
configure:10264: result: yes
configure:10301: checking whether -lc should be explicitly linked in
configure:10309: gcc -c -g -O2  conftest.c >&5
configure:10312: $? = 0
configure:10327: gcc -shared  -fPIC -DPIC conftest.o  -v -Wl,-soname -Wl,conftest -o conftest 2\>\&1 \| /usr/bin/grep  -lc  \>/dev/null 2\>\&1
configure:10330: $? = 0
configure:10344: result: no
configure:10504: checking dynamic linker characteristics
configure:11085: gcc -o conftest -g -O2   -Wl,-rpath -Wl,/foo conftest.c  >&5
configure:11085: $? = 0
configure:11334: result: GNU/Linux ld.so
configure:11456: checking how to hardcode library paths into programs
configure:11481: result: immediate
configure:12029: checking whether stripping libraries is possible
configure:12034: result: yes
configure:12069: checking if libtool supports shared libraries
configure:12071: result: yes
configure:12074: checking whether to build shared libraries
configure:12099: result: yes
configure:12102: checking whether to build static libraries
configure:12106: result: yes
configure:12216: checking for gcc
configure:12243: result: gcc
configure:12472: checking for C compiler version
configure:12481: gcc --version >&5
gcc (Ubuntu 10.3.0-1ubuntu1) 10.3.0
Copyright (C) 2020 Free Software Foundation, Inc.
This is free software; see the source for copying conditions.  There is NO
warranty; not even for MERCHANTABILITY or FITNESS FOR A PARTICULAR PURPOSE.

configure:12492: $? = 0
configure:12481: gcc -v >&5
Using built-in specs.
COLLECT_GCC=gcc
COLLECT_LTO_WRAPPER=/usr/lib/gcc/x86_64-linux-gnu/10/lto-wrapper
OFFLOAD_TARGET_NAMES=nvptx-none:amdgcn-amdhsa:hsa
OFFLOAD_TARGET_DEFAULT=1
Target: x86_64-linux-gnu
Configured with: ../src/configure -v --with-pkgversion='Ubuntu 10.3.0-1ubuntu1' --with-bugurl=file:///usr/share/doc/gcc-10/README.Bugs --enable-languages=c,ada,c++,go,brig,d,fortran,objc,obj-c++,m2 --prefix=/usr --with-gcc-major-version-only --program-suffix=-10 --program-prefix=x86_64-linux-gnu- --enable-shared --enable-linker-build-id --libexecdir=/usr/lib --without-included-gettext --enable-threads=posix --libdir=/usr/lib --enable-nls --enable-bootstrap --enable-clocale=gnu --enable-libstdcxx-debug --enable-libstdcxx-time=yes --with-default-libstdcxx-abi=new --enable-gnu-unique-object --disable-vtable-verify --enable-plugin --enable-default-pie --with-system-zlib --enable-libphobos-checking=release --with-target-system-zlib=auto --enable-objc-gc=auto --enable-multiarch --disable-werror --with-arch-32=i686 --with-abi=m64 --with-multilib-list=m32,m64,mx32 --enable-multilib --with-tune=generic --enable-offload-targets=nvptx-none=/build/gcc-10-gDeRY6/gcc-10-10.3.0/debian/tmp-nvptx/usr,amdgcn-amdhsa=/build/gcc-10-gDeRY6/gcc-10-10.3.0/debian/tmp-gcn/usr,hsa --without-cuda-driver --enable-checking=release --build=x86_64-linux-gnu --host=x86_64-linux-gnu --target=x86_64-linux-gnu --with-build-config=bootstrap-lto-lean --enable-link-mutex
Thread model: posix
Supported LTO compression algorithms: zlib zstd
gcc version 10.3.0 (Ubuntu 10.3.0-1ubuntu1) 
... rest of stderr output deleted ...
configure:12492: $? = 0
configure:12481: gcc -V >&5
gcc: error: unrecognized command-line option '-V'
gcc: fatal error: no input files
compilation terminated.
configure:12492: $? = 1
configure:12481: gcc -qversion >&5
gcc: error: unrecognized command-line option '-qversion'; did you mean '--version'?
gcc: fatal error: no input files
compilation terminated.
configure:12492: $? = 1
configure:12496: checking whether we are using the GNU C compiler
configure:12524: result: yes
configure:12533: checking whether gcc accepts -g
configure:12594: result: yes
configure:12611: checking for gcc option to accept ISO C89
configure:12687: result: none needed
configure:12712: checking whether gcc understands -c and -o together
configure:12749: result: yes
configure:12768: checking dependency style of gcc
configure:12879: result: gcc3
configure:12904: checking for ANSI C header files
configure:13008: result: yes
configure:13019: checking libintl.h usability
configure:13019: gcc -c -g -O2 -Wall -Wmissing-declarations -Wmissing-prototypes  conftest.c >&5
configure:13019: $? = 0
configure:13019: result: yes
configure:13019: checking libintl.h presence
configure:13019: gcc -E  conftest.c
configure:13019: $? = 0
configure:13019: result: yes
configure:13019: checking for libintl.h
configure:13019: result: yes
configure:13019: checking for stdlib.h
configure:13019: result: yes
configure:13019: checking for string.h
configure:13019: result: yes
configure:13031: checking for an ANSI C-conforming const
configure:13097: gcc -c -g -O2 -Wall -Wmissing-declarations -Wmissing-prototypes  conftest.c >&5
configure:13097: $? = 0
configure:13104: result: yes
configure:13112: checking for inline
configure:13128: gcc -c -g -O2 -Wall -Wmissing-declarations -Wmissing-prototypes  conftest.c >&5
configure:13128: $? = 0
configure:13136: result: inline
configure:13154: checking whether struct tm is in sys/time.h or time.h
configure:13174: gcc -c -g -O2 -Wall -Wmissing-declarations -Wmissing-prototypes  conftest.c >&5
configure:13174: $? = 0
configure:13181: result: time.h
configure:13191: checking for error_at_line
configure:13207: gcc -o conftest -g -O2 -Wall -Wmissing-declarations -Wmissing-prototypes   -Wall conftest.c  >&5
configure:13207: $? = 0
configure:13215: result: yes
configure:13228: checking for stdlib.h
configure:13228: result: yes
configure:13238: checking for GNU libc compatible malloc
configure:13262: gcc -o conftest -g -O2 -Wall -Wmissing-declarations -Wmissing-prototypes   -Wall conftest.c  >&5
configure:13262: $? = 0
configure:13262: ./conftest
configure:13262: $? = 0
configure:13272: result: yes
configure:13293: checking whether time.h and sys/time.h may both be included
configure:13313: gcc -c -g -O2 -Wall -Wmissing-declarations -Wmissing-prototypes  conftest.c >&5
configure:13313: $? = 0
configure:13320: result: yes
configure:13334: checking for sys/time.h
configure:13334: gcc -c -g -O2 -Wall -Wmissing-declarations -Wmissing-prototypes  conftest.c >&5
configure:13334: $? = 0
configure:13334: result: yes
configure:13334: checking for unistd.h
configure:13334: result: yes
configure:13355: checking for alarm
configure:13355: gcc -o conftest -g -O2 -Wall -Wmissing-declarations -Wmissing-prototypes   -Wall conftest.c  >&5
configure:13355: $? = 0
configure:13355: result: yes
configure:13368: checking for working mktime
configure:13570: gcc -o conftest -g -O2 -Wall -Wmissing-declarations -Wmissing-prototypes   -Wall conftest.c  >&5
configure:13570: $? = 0
configure:13570: ./conftest
configure:13570: $? = 0
configure:13580: result: yes
configure:13593: checking for vprintf
configure:13593: gcc -o conftest -g -O2 -Wall -Wmissing-declarations -Wmissing-prototypes   -Wall conftest.c  >&5
conftest.c:56:6: warning: conflicting types for built-in function 'vprintf'; expected 'int(const char *, __va_list_tag *)' [-Wbuiltin-declaration-mismatch]
   56 | char vprintf ();
      |      ^~~~~~~
conftest.c:44:1: note: 'vprintf' is declared in header '<stdio.h>'
   43 | # include <limits.h>
   44 | #else
configure:13593: $? = 0
configure:13593: result: yes
configure:13599: checking for _doprnt
configure:13599: gcc -o conftest -g -O2 -Wall -Wmissing-declarations -Wmissing-prototypes   -Wall conftest.c  >&5
/usr/bin/ld: /tmp/cc4ZQSR9.o: in function `main':
/home/craig/Documents/Development/libptp2-theta/conftest.c:68: undefined reference to `_doprnt'
collect2: error: ld returned 1 exit status
configure:13599: $? = 1
configure: failed program was:
| /* confdefs.h */
| #define PACKAGE_NAME "libptp2"
| #define PACKAGE_TARNAME "libptp2"
| #define PACKAGE_VERSION "1.2.0"
| #define PACKAGE_STRING "libptp2 1.2.0"
| #define PACKAGE_BUGREPORT "findmeontheweb@nosuchemail.com"
| #define PACKAGE_URL ""
| #define PACKAGE "libptp2"
| #define VERSION "1.2.0"
| #define STDC_HEADERS 1
| #define HAVE_SYS_TYPES_H 1
| #define HAVE_SYS_STAT_H 1
| #define HAVE_STDLIB_H 1
| #define HAVE_STRING_H 1
| #define HAVE_MEMORY_H 1
| #define HAVE_STRINGS_H 1
| #define HAVE_INTTYPES_H 1
| #define HAVE_STDINT_H 1
| #define HAVE_UNISTD_H 1
| #define HAVE_DLFCN_H 1
| #define LT_OBJDIR ".libs/"
| #define STDC_HEADERS 1
| #define HAVE_LIBINTL_H 1
| #define HAVE_STDLIB_H 1
| #define HAVE_STRING_H 1
| #define HAVE_STDLIB_H 1
| #define HAVE_MALLOC 1
| #define TIME_WITH_SYS_TIME 1
| #define HAVE_SYS_TIME_H 1
| #define HAVE_UNISTD_H 1
| #define HAVE_ALARM 1
| #define HAVE_VPRINTF 1
| /* end confdefs.h.  */
| /* Define _doprnt to an innocuous variant, in case <limits.h> declares _doprnt.
|    For example, HP-UX 11i <limits.h> declares gettimeofday.  */
| #define _doprnt innocuous__doprnt
| 
| /* System header to define __stub macros and hopefully few prototypes,
|     which can conflict with char _doprnt (); below.
|     Prefer <limits.h> to <assert.h> if __STDC__ is defined, since
|     <limits.h> exists even on freestanding compilers.  */
| 
| #ifdef __STDC__
| # include <limits.h>
| #else
| # include <assert.h>
| #endif
| 
| #undef _doprnt
| 
| /* Override any GCC internal prototype to avoid an error.
|    Use char because int might match the return type of a GCC
|    builtin and then its argument prototype would still apply.  */
| #ifdef __cplusplus
| extern "C"
| #endif
| char _doprnt ();
| /* The GNU C library defines this for functions which it implements
|     to always fail with ENOSYS.  Some functions are actually named
|     something starting with __ and the normal name is an alias.  */
| #if defined __stub__doprnt || defined __stub____doprnt
| choke me
| #endif
| 
| int
| main ()
| {
| return _doprnt ();
|   ;
|   return 0;
| }
configure:13599: result: no
configure:13613: checking for memset
configure:13613: gcc -o conftest -g -O2 -Wall -Wmissing-declarations -Wmissing-prototypes   -Wall conftest.c  >&5
conftest.c:57:6: warning: conflicting types for built-in function 'memset'; expected 'void *(void *, int,  long unsigned int)' [-Wbuiltin-declaration-mismatch]
   57 | char memset ();
      |      ^~~~~~
conftest.c:45:1: note: 'memset' is declared in header '<string.h>'
   44 | # include <limits.h>
   45 | #else
configure:13613: $? = 0
configure:13613: result: yes
configure:13613: checking for strchr
configure:13613: gcc -o conftest -g -O2 -Wall -Wmissing-declarations -Wmissing-prototypes   -Wall conftest.c  >&5
conftest.c:58:6: warning: conflicting types for built-in function 'strchr'; expected 'char *(const char *, int)' [-Wbuiltin-declaration-mismatch]
   58 | char strchr ();
      |      ^~~~~~
conftest.c:46:1: note: 'strchr' is declared in header '<string.h>'
   45 | # include <limits.h>
   46 | #else
configure:13613: $? = 0
configure:13613: result: yes
configure:13613: checking for strdup
configure:13613: gcc -o conftest -g -O2 -Wall -Wmissing-declarations -Wmissing-prototypes   -Wall conftest.c  >&5
conftest.c:59:6: warning: conflicting types for built-in function 'strdup'; expected 'char *(const char *)' [-Wbuiltin-declaration-mismatch]
   59 | char strdup ();
      |      ^~~~~~
configure:13613: $? = 0
configure:13613: result: yes
configure:13613: checking for strtol
configure:13613: gcc -o conftest -g -O2 -Wall -Wmissing-declarations -Wmissing-prototypes   -Wall conftest.c  >&5
configure:13613: $? = 0
configure:13613: result: yes
configure:13613: checking for getopt_long
configure:13613: gcc -o conftest -g -O2 -Wall -Wmissing-declarations -Wmissing-prototypes   -Wall conftest.c  >&5
configure:13613: $? = 0
configure:13613: result: yes
configure:13732: checking for libusb-config
configure:13750: found /usr/bin/libusb-config
configure:13762: result: /usr/bin/libusb-config
configure:13779: checking for usb_busses in -lusb
configure:13804: gcc -o conftest -g -O2 -Wall -Wmissing-declarations -Wmissing-prototypes    -Wall -L/usr/lib/x86_64-linux-gnu -lusb conftest.c -lusb   >&5
configure:13804: $? = 0
configure:13813: result: yes
configure:13903: checking whether byte ordering is bigendian
configure:13918: gcc -c -g -O2 -Wall -Wmissing-declarations -Wmissing-prototypes  conftest.c >&5
conftest.c:41:9: error: unknown type name 'not'
   41 |         not a universal capable compiler
      |         ^~~
conftest.c:41:15: error: expected '=', ',', ';', 'asm' or '__attribute__' before 'universal'
   41 |         not a universal capable compiler
      |               ^~~~~~~~~
conftest.c:41:15: error: unknown type name 'universal'
configure:13918: $? = 1
configure: failed program was:
| /* confdefs.h */
| #define PACKAGE_NAME "libptp2"
| #define PACKAGE_TARNAME "libptp2"
| #define PACKAGE_VERSION "1.2.0"
| #define PACKAGE_STRING "libptp2 1.2.0"
| #define PACKAGE_BUGREPORT "findmeontheweb@nosuchemail.com"
| #define PACKAGE_URL ""
| #define PACKAGE "libptp2"
| #define VERSION "1.2.0"
| #define STDC_HEADERS 1
| #define HAVE_SYS_TYPES_H 1
| #define HAVE_SYS_STAT_H 1
| #define HAVE_STDLIB_H 1
| #define HAVE_STRING_H 1
| #define HAVE_MEMORY_H 1
| #define HAVE_STRINGS_H 1
| #define HAVE_INTTYPES_H 1
| #define HAVE_STDINT_H 1
| #define HAVE_UNISTD_H 1
| #define HAVE_DLFCN_H 1
| #define LT_OBJDIR ".libs/"
| #define STDC_HEADERS 1
| #define HAVE_LIBINTL_H 1
| #define HAVE_STDLIB_H 1
| #define HAVE_STRING_H 1
| #define HAVE_STDLIB_H 1
| #define HAVE_MALLOC 1
| #define TIME_WITH_SYS_TIME 1
| #define HAVE_SYS_TIME_H 1
| #define HAVE_UNISTD_H 1
| #define HAVE_ALARM 1
| #define HAVE_VPRINTF 1
| #define HAVE_MEMSET 1
| #define HAVE_STRCHR 1
| #define HAVE_STRDUP 1
| #define HAVE_STRTOL 1
| #define HAVE_GETOPT_LONG 1
| #define LINUX_OS /**/
| /* end confdefs.h.  */
| #ifndef __APPLE_CC__
| 	       not a universal capable compiler
| 	     #endif
| 	     typedef int dummy;
| 
configure:13963: gcc -c -g -O2 -Wall -Wmissing-declarations -Wmissing-prototypes  conftest.c >&5
configure:13963: $? = 0
configure:13981: gcc -c -g -O2 -Wall -Wmissing-declarations -Wmissing-prototypes  conftest.c >&5
conftest.c: In function 'main':
conftest.c:47:4: error: unknown type name 'not'; did you mean 'ino_t'?
   47 |    not big endian
      |    ^~~
      |    ino_t
conftest.c:47:12: error: expected '=', ',', ';', 'asm' or '__attribute__' before 'endian'
   47 |    not big endian
      |            ^~~~~~
configure:13981: $? = 1
configure: failed program was:
| /* confdefs.h */
| #define PACKAGE_NAME "libptp2"
| #define PACKAGE_TARNAME "libptp2"
| #define PACKAGE_VERSION "1.2.0"
| #define PACKAGE_STRING "libptp2 1.2.0"
| #define PACKAGE_BUGREPORT "findmeontheweb@nosuchemail.com"
| #define PACKAGE_URL ""
| #define PACKAGE "libptp2"
| #define VERSION "1.2.0"
| #define STDC_HEADERS 1
| #define HAVE_SYS_TYPES_H 1
| #define HAVE_SYS_STAT_H 1
| #define HAVE_STDLIB_H 1
| #define HAVE_STRING_H 1
| #define HAVE_MEMORY_H 1
| #define HAVE_STRINGS_H 1
| #define HAVE_INTTYPES_H 1
| #define HAVE_STDINT_H 1
| #define HAVE_UNISTD_H 1
| #define HAVE_DLFCN_H 1
| #define LT_OBJDIR ".libs/"
| #define STDC_HEADERS 1
| #define HAVE_LIBINTL_H 1
| #define HAVE_STDLIB_H 1
| #define HAVE_STRING_H 1
| #define HAVE_STDLIB_H 1
| #define HAVE_MALLOC 1
| #define TIME_WITH_SYS_TIME 1
| #define HAVE_SYS_TIME_H 1
| #define HAVE_UNISTD_H 1
| #define HAVE_ALARM 1
| #define HAVE_VPRINTF 1
| #define HAVE_MEMSET 1
| #define HAVE_STRCHR 1
| #define HAVE_STRDUP 1
| #define HAVE_STRTOL 1
| #define HAVE_GETOPT_LONG 1
| #define LINUX_OS /**/
| /* end confdefs.h.  */
| #include <sys/types.h>
| 		#include <sys/param.h>
| 
| int
| main ()
| {
| #if BYTE_ORDER != BIG_ENDIAN
| 		 not big endian
| 		#endif
| 
|   ;
|   return 0;
| }
configure:14109: result: no
configure:14129: checking for le32toh in machine/endian.h
conftest.c:41:10: fatal error: machine/endian.h: No such file or directory
   41 | #include <machine/endian.h>
      |          ^~~~~~~~~~~~~~~~~~
compilation terminated.
configure:14152: result: no
configure:14157: checking for ntohl in arpa/inet.h
configure:14170: result: yes
configure:14223: checking for swap32 in machine/endian.h
conftest.c:41:10: fatal error: machine/endian.h: No such file or directory
   41 | #include <machine/endian.h>
      |          ^~~~~~~~~~~~~~~~~~
compilation terminated.
configure:14244: result: no
configure:14248: checking for bswap_32 in byteswap.h
configure:14261: result: yes
configure:14598: checking for uint8_t in stdint.h
configure:14611: result: yes
configure:14836: checking that generated files are newer than configure
configure:14842: result: done
configure:14878: creating ./config.status

## ---------------------- ##
## Running config.status. ##
## ---------------------- ##

This file was extended by libptp2 config.status 1.2.0, which was
generated by GNU Autoconf 2.69.  Invocation command line was

  CONFIG_FILES    = 
  CONFIG_HEADERS  = 
  CONFIG_LINKS    = 
  CONFIG_COMMANDS = 
  $ ./config.status 

on craig-desktop

config.status:1111: creating Makefile
config.status:1111: creating src/Makefile
config.status:1111: creating config.h
config.status:1292: config.h is unchanged
config.status:1340: executing depfiles commands
config.status:1417: cd src       && sed -e '/# am--include-marker/d' Makefile         | make -f - am--depfiles
make: Nothing to be done for 'am--depfiles'.
config.status:1422: $? = 0
config.status:1340: executing libtool commands

## ---------------- ##
## Cache variables. ##
## ---------------- ##

ac_cv_build=x86_64-unknown-linux-gnu
ac_cv_c_bigendian=no
ac_cv_c_compiler_gnu=yes
ac_cv_c_const=yes
ac_cv_c_inline=inline
ac_cv_env_CC_set=
ac_cv_env_CC_value=
ac_cv_env_CFLAGS_set=
ac_cv_env_CFLAGS_value=
ac_cv_env_CPPFLAGS_set=
ac_cv_env_CPPFLAGS_value=
ac_cv_env_CPP_set=
ac_cv_env_CPP_value=
ac_cv_env_LDFLAGS_set=
ac_cv_env_LDFLAGS_value=
ac_cv_env_LIBS_set=
ac_cv_env_LIBS_value=
ac_cv_env_LT_SYS_LIBRARY_PATH_set=
ac_cv_env_LT_SYS_LIBRARY_PATH_value=
ac_cv_env_build_alias_set=
ac_cv_env_build_alias_value=
ac_cv_env_host_alias_set=
ac_cv_env_host_alias_value=
ac_cv_env_target_alias_set=
ac_cv_env_target_alias_value=
ac_cv_func__doprnt=no
ac_cv_func_alarm=yes
ac_cv_func_getopt_long=yes
ac_cv_func_malloc_0_nonnull=yes
ac_cv_func_memset=yes
ac_cv_func_strchr=yes
ac_cv_func_strdup=yes
ac_cv_func_strtol=yes
ac_cv_func_vprintf=yes
ac_cv_func_working_mktime=yes
ac_cv_header_dlfcn_h=yes
ac_cv_header_inttypes_h=yes
ac_cv_header_libintl_h=yes
ac_cv_header_memory_h=yes
ac_cv_header_stdc=yes
ac_cv_header_stdint_h=yes
ac_cv_header_stdlib_h=yes
ac_cv_header_string_h=yes
ac_cv_header_strings_h=yes
ac_cv_header_sys_stat_h=yes
ac_cv_header_sys_time_h=yes
ac_cv_header_sys_types_h=yes
ac_cv_header_time=yes
ac_cv_header_unistd_h=yes
ac_cv_host=x86_64-unknown-linux-gnu
ac_cv_lib_error_at_line=yes
ac_cv_lib_usb_usb_busses=yes
ac_cv_objext=o
ac_cv_path_EGREP='/usr/bin/grep -E'
ac_cv_path_FGREP='/usr/bin/grep -F'
ac_cv_path_GREP=/usr/bin/grep
ac_cv_path_LIBUSB_CONFIG=/usr/bin/libusb-config
ac_cv_path_SED=/usr/bin/sed
ac_cv_path_install='/usr/bin/install -c'
ac_cv_path_lt_DD=/usr/bin/dd
ac_cv_path_mkdir=/usr/bin/mkdir
ac_cv_prog_AWK=mawk
ac_cv_prog_CPP='gcc -E'
ac_cv_prog_ac_ct_AR=ar
ac_cv_prog_ac_ct_CC=gcc
ac_cv_prog_ac_ct_MANIFEST_TOOL=mt
ac_cv_prog_ac_ct_OBJDUMP=objdump
ac_cv_prog_ac_ct_RANLIB=ranlib
ac_cv_prog_ac_ct_STRIP=strip
ac_cv_prog_cc_c89=
ac_cv_prog_cc_g=yes
ac_cv_prog_make_make_set=yes
ac_cv_struct_tm=time.h
ac_cv_type_uint8_t=yes
am_cv_CC_dependencies_compiler_type=gcc3
am_cv_ar_interface=ar
am_cv_make_support_nested_variables=yes
am_cv_prog_cc_c_o=yes
lt_cv_ar_at_file=@
lt_cv_archive_cmds_need_lc=no
lt_cv_deplibs_check_method=pass_all
lt_cv_file_magic_cmd='$MAGIC_CMD'
lt_cv_file_magic_test_file=
lt_cv_ld_reload_flag=-r
lt_cv_nm_interface='BSD nm'
lt_cv_objdir=.libs
lt_cv_path_LD=/usr/bin/ld
lt_cv_path_NM='/usr/bin/nm -B'
lt_cv_path_mainfest_tool=no
lt_cv_prog_compiler_c_o=yes
lt_cv_prog_compiler_pic='-fPIC -DPIC'
lt_cv_prog_compiler_pic_works=yes
lt_cv_prog_compiler_rtti_exceptions=no
lt_cv_prog_compiler_static_works=yes
lt_cv_prog_gnu_ld=yes
lt_cv_sharedlib_from_linklib_cmd='printf %s\n'
lt_cv_shlibpath_overrides_runpath=yes
lt_cv_sys_global_symbol_pipe='sed -n -e '\''s/^.*[	 ]\([ABCDGIRSTW][ABCDGIRSTW]*\)[	 ][	 ]*\([_A-Za-z][_A-Za-z0-9]*\)$/\1 \2 \2/p'\'' | sed '\''/ __gnu_lto/d'\'''
lt_cv_sys_global_symbol_to_c_name_address='sed -n -e '\''s/^: \(.*\) .*$/  {"\1", (void *) 0},/p'\'' -e '\''s/^[ABCDGIRSTW][ABCDGIRSTW]* .* \(.*\)$/  {"\1", (void *) \&\1},/p'\'''
lt_cv_sys_global_symbol_to_c_name_address_lib_prefix='sed -n -e '\''s/^: \(.*\) .*$/  {"\1", (void *) 0},/p'\'' -e '\''s/^[ABCDGIRSTW][ABCDGIRSTW]* .* \(lib.*\)$/  {"\1", (void *) \&\1},/p'\'' -e '\''s/^[ABCDGIRSTW][ABCDGIRSTW]* .* \(.*\)$/  {"lib\1", (void *) \&\1},/p'\'''
lt_cv_sys_global_symbol_to_cdecl='sed -n -e '\''s/^T .* \(.*\)$/extern int \1();/p'\'' -e '\''s/^[ABCDGIRSTW][ABCDGIRSTW]* .* \(.*\)$/extern char \1;/p'\'''
lt_cv_sys_global_symbol_to_import=
lt_cv_sys_max_cmd_len=1572864
lt_cv_to_host_file_cmd=func_convert_file_noop
lt_cv_to_tool_file_cmd=func_convert_file_noop
lt_cv_truncate_bin='/usr/bin/dd bs=4096 count=1'

## ----------------- ##
## Output variables. ##
## ----------------- ##

ACLOCAL='${SHELL} '\''/home/craig/Documents/Development/libptp2-theta/missing'\'' aclocal-1.16'
AMDEPBACKSLASH='\'
AMDEP_FALSE='#'
AMDEP_TRUE=''
AMTAR='$${TAR-tar}'
AM_BACKSLASH='\'
AM_DEFAULT_V='$(AM_DEFAULT_VERBOSITY)'
AM_DEFAULT_VERBOSITY='1'
AM_V='$(V)'
AR='ar'
AUTOCONF='${SHELL} '\''/home/craig/Documents/Development/libptp2-theta/missing'\'' autoconf'
AUTOHEADER='${SHELL} '\''/home/craig/Documents/Development/libptp2-theta/missing'\'' autoheader'
AUTOMAKE='${SHELL} '\''/home/craig/Documents/Development/libptp2-theta/missing'\'' automake-1.16'
AWK='mawk'
CC='gcc'
CCDEPMODE='depmode=gcc3'
CFLAGS='-g -O2 -Wall -Wmissing-declarations -Wmissing-prototypes'
CPP='gcc -E'
CPPFLAGS=''
CYGPATH_W='echo'
DEFS='-DHAVE_CONFIG_H'
DEPDIR='.deps'
DLLTOOL='false'
DSYMUTIL=''
DUMPBIN=''
ECHO_C=''
ECHO_N='-n'
ECHO_T=''
EGREP='/usr/bin/grep -E'
EXEEXT=''
FGREP='/usr/bin/grep -F'
GREP='/usr/bin/grep'
INSTALL_DATA='${INSTALL} -m 644'
INSTALL_PROGRAM='${INSTALL}'
INSTALL_SCRIPT='${INSTALL}'
INSTALL_STRIP_PROGRAM='$(install_sh) -c -s'
LD='/usr/bin/ld -m elf_x86_64'
LDFLAGS=' -Wall'
LIBOBJS=''
LIBPTP2_VERSION_INFO='2:5:1'
LIBS=''
LIBTOOL='$(SHELL) $(top_builddir)/libtool'
LIBUSB_CONFIG='/usr/bin/libusb-config'
LINUX_OS_FALSE='#'
LINUX_OS_TRUE=''
LIPO=''
LN_S='ln -s'
LTLIBOBJS=''
LT_SYS_LIBRARY_PATH=''
MAKEINFO='${SHELL} '\''/home/craig/Documents/Development/libptp2-theta/missing'\'' makeinfo'
MANIFEST_TOOL=':'
MKDIR_P='/usr/bin/mkdir -p'
NM='/usr/bin/nm -B'
NMEDIT=''
OBJDUMP='objdump'
OBJEXT='o'
OTOOL64=''
OTOOL=''
PACKAGE='libptp2'
PACKAGE_BUGREPORT='findmeontheweb@nosuchemail.com'
PACKAGE_NAME='libptp2'
PACKAGE_STRING='libptp2 1.2.0'
PACKAGE_TARNAME='libptp2'
PACKAGE_URL=''
PACKAGE_VERSION='1.2.0'
PATH_SEPARATOR=':'
PTPCAM_CFLAGS=''
PTPCAM_FALSE='#'
PTPCAM_LDFLAGS='-L/usr/lib/x86_64-linux-gnu -lusb'
PTPCAM_TRUE=''
RANLIB='ranlib'
SED='/usr/bin/sed'
SET_MAKE=''
SHELL='/bin/bash'
STRIP='strip'
VERSION='1.2.0'
ac_ct_AR='ar'
ac_ct_CC='gcc'
ac_ct_DUMPBIN=''
am__EXEEXT_FALSE=''
am__EXEEXT_TRUE='#'
am__fastdepCC_FALSE='#'
am__fastdepCC_TRUE=''
am__include='include'
am__isrc=''
am__leading_dot='.'
am__nodep='_no'
am__quote=''
am__tar='$${TAR-tar} chof - "$$tardir"'
am__untar='$${TAR-tar} xf -'
bindir='${exec_prefix}/bin'
build='x86_64-unknown-linux-gnu'
build_alias=''
build_cpu='x86_64'
build_os='linux-gnu'
build_vendor='unknown'
datadir='${datarootdir}'
datarootdir='${prefix}/share'
docdir='${datarootdir}/doc/${PACKAGE_TARNAME}'
dvidir='${docdir}'
effective_target='x86_64-unknown-linux-gnu'
exec_prefix='${prefix}'
host='x86_64-unknown-linux-gnu'
host_alias=''
host_cpu='x86_64'
host_os='linux-gnu'
host_vendor='unknown'
htmldir='${docdir}'
includedir='${prefix}/include'
infodir='${datarootdir}/info'
install_sh='${SHELL} /home/craig/Documents/Development/libptp2-theta/install-sh'
libdir='${exec_prefix}/lib'
libexecdir='${exec_prefix}/libexec'
localedir='${datarootdir}/locale'
localstatedir='${prefix}/var'
mandir='${datarootdir}/man'
mkdir_p='$(MKDIR_P)'
oldincludedir='/usr/include'
pdfdir='${docdir}'
prefix='/usr/local'
program_transform_name='s,x,x,'
psdir='${docdir}'
runstatedir='${localstatedir}/run'
sbindir='${exec_prefix}/sbin'
sharedstatedir='${prefix}/com'
sysconfdir='${prefix}/etc'
target_alias=''

## ----------- ##
## confdefs.h. ##
## ----------- ##

/* confdefs.h */
#define PACKAGE_NAME "libptp2"
#define PACKAGE_TARNAME "libptp2"
#define PACKAGE_VERSION "1.2.0"
#define PACKAGE_STRING "libptp2 1.2.0"
#define PACKAGE_BUGREPORT "findmeontheweb@nosuchemail.com"
#define PACKAGE_URL ""
#define PACKAGE "libptp2"
#define VERSION "1.2.0"
#define STDC_HEADERS 1
#define HAVE_SYS_TYPES_H 1
#define HAVE_SYS_STAT_H 1
#define HAVE_STDLIB_H 1
#define HAVE_STRING_H 1
#define HAVE_MEMORY_H 1
#define HAVE_STRINGS_H 1
#define HAVE_INTTYPES_H 1
#define HAVE_STDINT_H 1
#define HAVE_UNISTD_H 1
#define HAVE_DLFCN_H 1
#define LT_OBJDIR ".libs/"
#define STDC_HEADERS 1
#define HAVE_LIBINTL_H 1
#define HAVE_STDLIB_H 1
#define HAVE_STRING_H 1
#define HAVE_STDLIB_H 1
#define HAVE_MALLOC 1
#define TIME_WITH_SYS_TIME 1
#define HAVE_SYS_TIME_H 1
#define HAVE_UNISTD_H 1
#define HAVE_ALARM 1
#define HAVE_VPRINTF 1
#define HAVE_MEMSET 1
#define HAVE_STRCHR 1
#define HAVE_STRDUP 1
#define HAVE_STRTOL 1
#define HAVE_GETOPT_LONG 1
#define LINUX_OS /**/

configure: exit 0

## ---------------------- ##
## Running config.status. ##
## ---------------------- ##

This file was extended by libptp2 config.status 1.2.0, which was
generated by GNU Autoconf 2.69.  Invocation command line was

  CONFIG_FILES    = 
  CONFIG_HEADERS  = 
  CONFIG_LINKS    = 
  CONFIG_COMMANDS = 
  $ ./config.status Makefile

on craig-desktop

config.status:1111: creating Makefile

## ---------------------- ##
## Running config.status. ##
## ---------------------- ##

This file was extended by libptp2 config.status 1.2.0, which was
generated by GNU Autoconf 2.69.  Invocation command line was

  CONFIG_FILES    = 
  CONFIG_HEADERS  = 
  CONFIG_LINKS    = 
  CONFIG_COMMANDS = 
  $ ./config.status config.h

on craig-desktop

config.status:1111: creating config.h
config.status:1292: config.h is unchanged

## ---------------------- ##
## Running config.status. ##
## ---------------------- ##

This file was extended by libptp2 config.status 1.2.0, which was
generated by GNU Autoconf 2.69.  Invocation command line was

  CONFIG_FILES    = 
  CONFIG_HEADERS  = 
  CONFIG_LINKS    = 
  CONFIG_COMMANDS = 
  $ ./config.status src/Makefile depfiles

on craig-desktop

config.status:1111: creating src/Makefile
config.status:1340: executing depfiles commands
config.status:1417: cd src       && sed -e '/# am--include-marker/d' Makefile         | make -f - am--depfiles
make[3]: Entering directory '/home/craig/Documents/Development/libptp2-theta/src'
make[3]: Nothing to be done for 'am--depfiles'.
make[3]: Leaving directory '/home/craig/Documents/Development/libptp2-theta/src'
config.status:1422: $? = 0
